<?xml version="1.0" encoding="UTF-8"?>
<testsuite name="OrdencaoTeste" tests="4" skipped="0" failures="0" errors="0" timestamp="2022-11-24T02:49:55" hostname="MacBook-Pro-de-Amos.local" time="0.009">
  <properties/>
  <testcase name="validaFluxoD()" classname="OrdencaoTeste" time="0.007"/>
  <testcase name="validaFluxoB()" classname="OrdencaoTeste" time="0.001"/>
  <testcase name="validaFluxoC()" classname="OrdencaoTeste" time="0.0"/>
  <testcase name="validaFluxoA()" classname="OrdencaoTeste" time="0.0"/>
  <system-out><![CDATA[]]></system-out>
  <system-err><![CDATA[]]></system-err>
</testsuite>
