<?xml version="1.0" encoding="UTF-8"?>
<testsuite name="PessoaTest" tests="2" skipped="0" failures="0" errors="0" timestamp="2022-11-24T01:36:39" hostname="MacBook-Pro-de-Amos.local" time="0.016">
  <properties/>
  <testcase name="validarMaioridade()" classname="PessoaTest" time="0.015"/>
  <testcase name="validarCalculoIdade()" classname="PessoaTest" time="0.001"/>
  <system-out><![CDATA[]]></system-out>
  <system-err><![CDATA[]]></system-err>
</testsuite>
