<?xml version="1.0" encoding="UTF-8"?>
<testsuite name="PessoaTest" tests="1" skipped="0" failures="0" errors="0" timestamp="2022-11-24T01:19:01" hostname="MacBook-Pro-de-Amos.local" time="0.013">
  <properties/>
  <testcase name="validarCalculoIdade()" classname="PessoaTest" time="0.013"/>
  <system-out><![CDATA[]]></system-out>
  <system-err><![CDATA[]]></system-err>
</testsuite>
