<?xml version="1.0" encoding="UTF-8"?>
<testsuite name="ConsultarDadosDePessoaTeste" tests="2" skipped="0" failures="0" errors="0" timestamp="2022-11-24T02:10:13" hostname="MacBook-Pro-de-Amos.local" time="0.013">
  <properties/>
  <testcase name="validarDadosDeRetorno()" classname="ConsultarDadosDePessoaTeste" time="0.01"/>
  <testcase name="validarDadosDeRetorno2()" classname="ConsultarDadosDePessoaTeste" time="0.003"/>
  <system-out><![CDATA[]]></system-out>
  <system-err><![CDATA[nov. 23, 2022 11:10:13 PM BancoDeDados iniciarConexao
INFORMAÇÕES: Iniciou Conexão
nov. 23, 2022 11:10:13 PM BancoDeDados insereDados
INFORMAÇÕES: Inseriu dados
nov. 23, 2022 11:10:13 PM BancoDeDados removeDados
INFORMAÇÕES: Removeu dados
nov. 23, 2022 11:10:13 PM BancoDeDados insereDados
INFORMAÇÕES: Inseriu dados
nov. 23, 2022 11:10:13 PM BancoDeDados removeDados
INFORMAÇÕES: Removeu dados
nov. 23, 2022 11:10:13 PM BancoDeDados finalizarConexao
INFORMAÇÕES: Finalizou Conexão
]]></system-err>
</testsuite>
