<?xml version="1.0" encoding="UTF-8"?>
<testsuite name="AssertionsTeste" tests="1" skipped="0" failures="0" errors="0" timestamp="2022-11-24T01:48:26" hostname="MacBook-Pro-de-Amos.local" time="0.011">
  <properties/>
  <testcase name="validarTiposDeNumeros()" classname="AssertionsTeste" time="0.011"/>
  <system-out><![CDATA[]]></system-out>
  <system-err><![CDATA[]]></system-err>
</testsuite>
